<?xml version="1.0" encoding="UTF-8"?>
<!-- Generated by org.testng.reporters.JUnitReportReporter -->
<testsuite skipped="0" hostname="DESKTOP-7GP1KNR" name="TestNG.addbook" tests="1" failures="0" timestamp="15 Feb 2020 02:55:28 GMT" time="15.952" errors="0">
  <testcase name="verifyaddbook" time="15.952" classname="TestNG.addbook"/>
</testsuite> <!-- TestNG.addbook -->
